app/manifest-merger-release-report.txt
-- Merging decision tree log ---
manifest
ADDED from AndroidManifest.xml:2:1
	xmlns:android
		ADDED from AndroidManifest.xml:2:11
	package
		ADDED from AndroidManifest.xml:3:3
		INJECTED from AndroidManifest.xml:0:0
		INJECTED from AndroidManifest.xml:0:0
	android:versionName
		ADDED from AndroidManifest.xml:4:3
	android:versionCode
		ADDED from AndroidManifest.xml:3:38
		INJECTED from AndroidManifest.xml:0:0
		INJECTED from AndroidManifest.xml:0:0
application
ADDED from AndroidManifest.xml:5:3
	android:label
		ADDED from AndroidManifest.xml:5:46
	android:icon
		ADDED from AndroidManifest.xml:5:16
activity#org.angrybeanie.zooborns.ZooBorns
ADDED from AndroidManifest.xml:6:5
	android:label
		ADDED from AndroidManifest.xml:6:64
	android:configChanges
		ADDED from AndroidManifest.xml:7:7
	android:name
		ADDED from AndroidManifest.xml:6:15
intent-filter#android.intent.action.MAIN+android.intent.category.LAUNCHER
ADDED from AndroidManifest.xml:8:7
action#android.intent.action.MAIN
ADDED from AndroidManifest.xml:9:9
	android:name
		ADDED from AndroidManifest.xml:9:17
category#android.intent.category.LAUNCHER
ADDED from AndroidManifest.xml:10:9
	android:name
		ADDED from AndroidManifest.xml:10:19
activity#org.angrybeanie.zooborns.FullscreenImage
ADDED from AndroidManifest.xml:14:5
	android:configChanges
		ADDED from AndroidManifest.xml:16:7
	android:theme
		ADDED from AndroidManifest.xml:15:7
	android:name
		ADDED from AndroidManifest.xml:14:15
intent-filter#android.intent.action.VIEW+android.intent.category.DEFAULT
ADDED from AndroidManifest.xml:17:7
action#android.intent.action.VIEW
ADDED from AndroidManifest.xml:18:9
	android:name
		ADDED from AndroidManifest.xml:18:17
category#android.intent.category.DEFAULT
ADDED from AndroidManifest.xml:19:9
	android:name
		ADDED from AndroidManifest.xml:19:19
receiver#org.angrybeanie.zooborns.BootReceiver
ADDED from AndroidManifest.xml:23:5
	android:name
		ADDED from AndroidManifest.xml:23:15
intent-filter#android.intent.action.BOOT_COMPLETED
ADDED from AndroidManifest.xml:24:7
action#android.intent.action.BOOT_COMPLETED
ADDED from AndroidManifest.xml:25:9
	android:name
		ADDED from AndroidManifest.xml:25:17
service#org.angrybeanie.zooborns.feed.UpdateService
ADDED from AndroidManifest.xml:29:5
	android:name
		ADDED from AndroidManifest.xml:29:14
uses-library#android.test.runner
ADDED from AndroidManifest.xml:31:5
	android:name
		ADDED from AndroidManifest.xml:31:19
uses-sdk
ADDED from AndroidManifest.xml:34:1
	android:targetSdkVersion
		ADDED from AndroidManifest.xml:34:37
		INJECTED from AndroidManifest.xml:0:0
		INJECTED from AndroidManifest.xml:0:0
	android:minSdkVersion
		ADDED from AndroidManifest.xml:34:11
		INJECTED from AndroidManifest.xml:0:0
		INJECTED from AndroidManifest.xml:0:0
uses-feature#android.hardware.touchscreen
ADDED from AndroidManifest.xml:36:1
	android:required
		ADDED from AndroidManifest.xml:36:59
	android:name
		ADDED from AndroidManifest.xml:36:15
uses-permission#android.permission.INTERNET
ADDED from AndroidManifest.xml:38:1
	android:name
		ADDED from AndroidManifest.xml:38:18
uses-permission#android.permission.RECEIVE_BOOT_COMPLETED
ADDED from AndroidManifest.xml:39:1
	android:name
		ADDED from AndroidManifest.xml:39:18
uses-permission#android.permission.WRITE_EXTERNAL_STORAGE
ADDED from AndroidManifest.xml:40:1
	android:name
		ADDED from AndroidManifest.xml:40:18
uses-permission#android.permission.SET_WALLPAPER
ADDED from AndroidManifest.xml:41:1
	android:name
		ADDED from AndroidManifest.xml:41:18